<?xml version="1.0" encoding="UTF-8"?>
<coverage generated="1603173161387" clover="3.2.0">
  <project timestamp="1603173161388" name="All files">
    <metrics statements="85" coveredstatements="82" conditionals="8" coveredconditionals="5" methods="48" coveredmethods="47" elements="141" coveredelements="134" complexity="0" loc="85" ncloc="85" packages="8" files="12" classes="12"/>
    <package name="src">
      <metrics statements="2" coveredstatements="2" conditionals="0" coveredconditionals="0" methods="0" coveredmethods="0"/>
      <file name="App.vue" path="C:\Users\Harika\Desktop\tvddata\src\App.vue">
        <metrics statements="2" coveredstatements="2" conditionals="0" coveredconditionals="0" methods="0" coveredmethods="0"/>
        <line num="11" count="1" type="stmt"/>
        <line num="12" count="1" type="stmt"/>
      </file>
    </package>
    <package name="src.components">
      <metrics statements="12" coveredstatements="11" conditionals="4" coveredconditionals="2" methods="7" coveredmethods="7"/>
      <file name="ShowsComponent.vue" path="C:\Users\Harika\Desktop\tvddata\src\components\ShowsComponent.vue">
        <metrics statements="9" coveredstatements="8" conditionals="4" coveredconditionals="2" methods="4" coveredmethods="4"/>
        <line num="40" count="6" type="stmt"/>
        <line num="45" count="5" type="stmt"/>
        <line num="54" count="1" type="stmt"/>
        <line num="55" count="1" type="stmt"/>
        <line num="58" count="1" type="stmt"/>
        <line num="59" count="1" type="stmt"/>
        <line num="63" count="5" type="cond" truecount="1" falsecount="1"/>
        <line num="64" count="0" type="stmt"/>
        <line num="66" count="5" type="cond" truecount="1" falsecount="1"/>
      </file>
      <file name="ShowsListComponent.vue" path="C:\Users\Harika\Desktop\tvddata\src\components\ShowsListComponent.vue">
        <metrics statements="3" coveredstatements="3" conditionals="0" coveredconditionals="0" methods="3" coveredmethods="3"/>
        <line num="29" count="6" type="stmt"/>
        <line num="33" count="4" type="stmt"/>
        <line num="39" count="1" type="stmt"/>
      </file>
    </package>
    <package name="src.components.footer">
      <metrics statements="1" coveredstatements="1" conditionals="0" coveredconditionals="0" methods="2" coveredmethods="2"/>
      <file name="FooterComponent.vue" path="C:\Users\Harika\Desktop\tvddata\src\components\footer\FooterComponent.vue">
        <metrics statements="1" coveredstatements="1" conditionals="0" coveredconditionals="0" methods="2" coveredmethods="2"/>
        <line num="12" count="4" type="stmt"/>
      </file>
    </package>
    <package name="src.components.header">
      <metrics statements="4" coveredstatements="4" conditionals="0" coveredconditionals="0" methods="3" coveredmethods="3"/>
      <file name="HeaderComponent.vue" path="C:\Users\Harika\Desktop\tvddata\src\components\header\HeaderComponent.vue">
        <metrics statements="4" coveredstatements="4" conditionals="0" coveredconditionals="0" methods="3" coveredmethods="3"/>
        <line num="16" count="2" type="stmt"/>
        <line num="20" count="4" type="stmt"/>
        <line num="29" count="1" type="stmt"/>
        <line num="30" count="1" type="stmt"/>
      </file>
    </package>
    <package name="src.router">
      <metrics statements="3" coveredstatements="3" conditionals="0" coveredconditionals="0" methods="0" coveredmethods="0"/>
      <file name="index.js" path="C:\Users\Harika\Desktop\tvddata\src\router\index.js">
        <metrics statements="3" coveredstatements="3" conditionals="0" coveredconditionals="0" methods="0" coveredmethods="0"/>
        <line num="7" count="6" type="stmt"/>
        <line num="9" count="6" type="stmt"/>
        <line num="32" count="6" type="stmt"/>
      </file>
    </package>
    <package name="src.services">
      <metrics statements="17" coveredstatements="16" conditionals="0" coveredconditionals="0" methods="11" coveredmethods="10"/>
      <file name="index.js" path="C:\Users\Harika\Desktop\tvddata\src\services\index.js">
        <metrics statements="4" coveredstatements="3" conditionals="0" coveredconditionals="0" methods="3" coveredmethods="2"/>
        <line num="5" count="4" type="stmt"/>
        <line num="6" count="4" type="stmt"/>
        <line num="8" count="0" type="stmt"/>
        <line num="10" count="4" type="stmt"/>
      </file>
      <file name="shows.js" path="C:\Users\Harika\Desktop\tvddata\src\services\shows.js">
        <metrics statements="13" coveredstatements="13" conditionals="0" coveredconditionals="0" methods="8" coveredmethods="8"/>
        <line num="2" count="1" type="stmt"/>
        <line num="5" count="1" type="stmt"/>
        <line num="6" count="1" type="stmt"/>
        <line num="8" count="1" type="stmt"/>
        <line num="11" count="1" type="stmt"/>
        <line num="12" count="1" type="stmt"/>
        <line num="14" count="1" type="stmt"/>
        <line num="17" count="1" type="stmt"/>
        <line num="18" count="1" type="stmt"/>
        <line num="20" count="1" type="stmt"/>
        <line num="23" count="1" type="stmt"/>
        <line num="24" count="1" type="stmt"/>
        <line num="26" count="1" type="stmt"/>
      </file>
    </package>
    <package name="src.store">
      <metrics statements="28" coveredstatements="28" conditionals="2" coveredconditionals="2" methods="14" coveredmethods="14"/>
      <file name="index.js" path="C:\Users\Harika\Desktop\tvddata\src\store\index.js">
        <metrics statements="28" coveredstatements="28" conditionals="2" coveredconditionals="2" methods="14" coveredmethods="14"/>
        <line num="4" count="1" type="stmt"/>
        <line num="5" count="1" type="stmt"/>
        <line num="12" count="1" type="stmt"/>
        <line num="14" count="1" type="stmt"/>
        <line num="17" count="1" type="stmt"/>
        <line num="20" count="1" type="stmt"/>
        <line num="23" count="1" type="stmt"/>
        <line num="26" count="1" type="stmt"/>
        <line num="29" count="1" type="stmt"/>
        <line num="32" count="1" type="stmt"/>
        <line num="34" count="1" type="stmt"/>
        <line num="35" count="1" type="stmt"/>
        <line num="38" count="1" type="stmt"/>
        <line num="39" count="1" type="stmt"/>
        <line num="40" count="1" type="stmt"/>
        <line num="41" count="240" type="stmt"/>
        <line num="42" count="579" type="cond" truecount="2" falsecount="0"/>
        <line num="43" count="557" type="stmt"/>
        <line num="45" count="22" type="stmt"/>
        <line num="49" count="1" type="stmt"/>
        <line num="52" count="1" type="stmt"/>
        <line num="53" count="1" type="stmt"/>
        <line num="56" count="1" type="stmt"/>
        <line num="57" count="1" type="stmt"/>
        <line num="60" count="1" type="stmt"/>
        <line num="63" count="1" type="stmt"/>
        <line num="66" count="1" type="stmt"/>
        <line num="67" count="1" type="stmt"/>
      </file>
    </package>
    <package name="src.views">
      <metrics statements="18" coveredstatements="17" conditionals="2" coveredconditionals="1" methods="11" coveredmethods="11"/>
      <file name="SearchResults.vue" path="C:\Users\Harika\Desktop\tvddata\src\views\SearchResults.vue">
        <metrics statements="5" coveredstatements="4" conditionals="2" coveredconditionals="1" methods="3" coveredmethods="3"/>
        <line num="30" count="6" type="stmt"/>
        <line num="34" count="4" type="stmt"/>
        <line num="43" count="1" type="stmt"/>
        <line num="47" count="4" type="cond" truecount="1" falsecount="1"/>
        <line num="48" count="0" type="stmt"/>
      </file>
      <file name="ShowDetails.vue" path="C:\Users\Harika\Desktop\tvddata\src\views\ShowDetails.vue">
        <metrics statements="9" coveredstatements="9" conditionals="0" coveredconditionals="0" methods="6" coveredmethods="6"/>
        <line num="50" count="6" type="stmt"/>
        <line num="54" count="4" type="stmt"/>
        <line num="65" count="1" type="stmt"/>
        <line num="68" count="4" type="stmt"/>
        <line num="69" count="4" type="stmt"/>
        <line num="72" count="4" type="stmt"/>
        <line num="73" count="964" type="stmt"/>
        <line num="74" count="4" type="stmt"/>
        <line num="78" count="4" type="stmt"/>
      </file>
      <file name="Shows.vue" path="C:\Users\Harika\Desktop\tvddata\src\views\Shows.vue">
        <metrics statements="4" coveredstatements="4" conditionals="0" coveredconditionals="0" methods="2" coveredmethods="2"/>
        <line num="9" count="6" type="stmt"/>
        <line num="10" count="6" type="stmt"/>
        <line num="15" count="4" type="stmt"/>
        <line num="26" count="4" type="stmt"/>
      </file>
    </package>
  </project>
</coverage>
