TN:
SF:C:\Users\Harika\Desktop\tvddata\src\App.vue
FNF:0
FNH:0
DA:11,1
DA:12,1
LF:2
LH:2
BRF:0
BRH:0
end_of_record
TN:
SF:C:\Users\Harika\Desktop\tvddata\src\components\ShowsComponent.vue
FN:44,(anonymous_1)
FN:53,(anonymous_2)
FN:57,(anonymous_3)
FN:62,(anonymous_4)
FNF:4
FNH:4
FNDA:5,(anonymous_1)
FNDA:1,(anonymous_2)
FNDA:1,(anonymous_3)
FNDA:5,(anonymous_4)
DA:40,6
DA:45,5
DA:54,1
DA:55,1
DA:58,1
DA:59,1
DA:63,5
DA:64,0
DA:66,5
LF:9
LH:8
BRDA:63,0,0,0
BRDA:63,0,1,5
BRDA:66,1,0,5
BRDA:66,1,1,0
BRF:4
BRH:2
end_of_record
TN:
SF:C:\Users\Harika\Desktop\tvddata\src\components\ShowsListComponent.vue
FN:32,(anonymous_1)
FN:38,(anonymous_2)
FN:42,(anonymous_3)
FNF:3
FNH:3
FNDA:4,(anonymous_1)
FNDA:1,(anonymous_2)
FNDA:4,(anonymous_3)
DA:29,6
DA:33,4
DA:39,1
LF:3
LH:3
BRF:0
BRH:0
end_of_record
TN:
SF:C:\Users\Harika\Desktop\tvddata\src\components\footer\FooterComponent.vue
FN:11,(anonymous_1)
FN:17,(anonymous_2)
FNF:2
FNH:2
FNDA:4,(anonymous_1)
FNDA:4,(anonymous_2)
DA:12,4
LF:1
LH:1
BRF:0
BRH:0
end_of_record
TN:
SF:C:\Users\Harika\Desktop\tvddata\src\components\header\HeaderComponent.vue
FN:19,(anonymous_1)
FN:28,(anonymous_2)
FN:33,(anonymous_3)
FNF:3
FNH:3
FNDA:4,(anonymous_1)
FNDA:1,(anonymous_2)
FNDA:4,(anonymous_3)
DA:16,2
DA:20,4
DA:29,1
DA:30,1
LF:4
LH:4
BRF:0
BRH:0
end_of_record
TN:
SF:C:\Users\Harika\Desktop\tvddata\src\router\index.js
FNF:0
FNH:0
DA:7,6
DA:9,6
DA:32,6
LF:3
LH:3
BRF:0
BRH:0
end_of_record
TN:
SF:C:\Users\Harika\Desktop\tvddata\src\services\index.js
FN:4,(anonymous_0)
FN:5,(anonymous_1)
FN:7,(anonymous_2)
FNF:3
FNH:2
FNDA:4,(anonymous_0)
FNDA:4,(anonymous_1)
FNDA:0,(anonymous_2)
DA:5,4
DA:6,4
DA:8,0
DA:10,4
LF:4
LH:3
BRF:0
BRH:0
end_of_record
TN:
SF:C:\Users\Harika\Desktop\tvddata\src\services\shows.js
FN:4,(anonymous_0)
FN:5,(anonymous_1)
FN:10,(anonymous_2)
FN:11,(anonymous_3)
FN:16,(anonymous_4)
FN:17,(anonymous_5)
FN:22,(anonymous_6)
FN:23,(anonymous_7)
FNF:8
FNH:8
FNDA:1,(anonymous_0)
FNDA:1,(anonymous_1)
FNDA:1,(anonymous_2)
FNDA:1,(anonymous_3)
FNDA:1,(anonymous_4)
FNDA:1,(anonymous_5)
FNDA:1,(anonymous_6)
FNDA:1,(anonymous_7)
DA:2,1
DA:5,1
DA:6,1
DA:8,1
DA:11,1
DA:12,1
DA:14,1
DA:17,1
DA:18,1
DA:20,1
DA:23,1
DA:24,1
DA:26,1
LF:13
LH:13
BRF:0
BRH:0
end_of_record
TN:
SF:C:\Users\Harika\Desktop\tvddata\src\store\index.js
FN:13,(anonymous_0)
FN:16,(anonymous_1)
FN:19,(anonymous_2)
FN:22,(anonymous_3)
FN:25,(anonymous_4)
FN:28,(anonymous_5)
FN:33,(anonymous_6)
FN:37,(anonymous_7)
FN:40,(anonymous_8)
FN:41,(anonymous_9)
FN:51,(anonymous_10)
FN:55,(anonymous_11)
FN:59,(anonymous_12)
FN:62,(anonymous_13)
FNF:14
FNH:14
FNDA:1,(anonymous_0)
FNDA:1,(anonymous_1)
FNDA:1,(anonymous_2)
FNDA:1,(anonymous_3)
FNDA:1,(anonymous_4)
FNDA:1,(anonymous_5)
FNDA:1,(anonymous_6)
FNDA:1,(anonymous_7)
FNDA:240,(anonymous_8)
FNDA:579,(anonymous_9)
FNDA:1,(anonymous_10)
FNDA:1,(anonymous_11)
FNDA:1,(anonymous_12)
FNDA:1,(anonymous_13)
DA:4,1
DA:5,1
DA:12,1
DA:14,1
DA:17,1
DA:20,1
DA:23,1
DA:26,1
DA:29,1
DA:32,1
DA:34,1
DA:35,1
DA:38,1
DA:39,1
DA:40,1
DA:41,240
DA:42,579
DA:43,557
DA:45,22
DA:49,1
DA:52,1
DA:53,1
DA:56,1
DA:57,1
DA:60,1
DA:63,1
DA:66,1
DA:67,1
LF:28
LH:28
BRDA:42,0,0,557
BRDA:42,0,1,22
BRF:2
BRH:2
end_of_record
TN:
SF:C:\Users\Harika\Desktop\tvddata\src\views\SearchResults.vue
FN:33,(anonymous_1)
FN:42,(anonymous_2)
FN:46,(anonymous_3)
FNF:3
FNH:3
FNDA:5,(anonymous_1)
FNDA:2,(anonymous_2)
FNDA:5,(anonymous_3)
DA:30,6
DA:34,5
DA:43,2
DA:47,5
DA:48,0
LF:5
LH:4
BRDA:47,0,0,0
BRDA:47,0,1,5
BRF:2
BRH:1
end_of_record
TN:
SF:C:\Users\Harika\Desktop\tvddata\src\views\ShowDetails.vue
FN:53,(anonymous_1)
FN:64,(anonymous_2)
FN:67,(anonymous_3)
FN:71,(anonymous_4)
FN:73,(anonymous_5)
FN:77,(anonymous_6)
FNF:6
FNH:6
FNDA:4,(anonymous_1)
FNDA:1,(anonymous_2)
FNDA:4,(anonymous_3)
FNDA:4,(anonymous_4)
FNDA:960,(anonymous_5)
FNDA:4,(anonymous_6)
DA:50,6
DA:54,4
DA:65,1
DA:68,4
DA:69,4
DA:72,4
DA:73,964
DA:74,4
DA:78,4
LF:9
LH:9
BRF:0
BRH:0
end_of_record
TN:
SF:C:\Users\Harika\Desktop\tvddata\src\views\Shows.vue
FN:14,(anonymous_1)
FN:25,(anonymous_2)
FNF:2
FNH:2
FNDA:4,(anonymous_1)
FNDA:4,(anonymous_2)
DA:9,6
DA:10,6
DA:15,4
DA:26,4
LF:4
LH:4
BRF:0
BRH:0
end_of_record
